07:46:33.807 [background-preinit] INFO  o.h.validator.internal.util.Version - HV000001: Hibernate Validator 6.1.7.Final
07:46:33.829 [main] INFO  f.s.s.e.ServiceSaccrExportApplication - Starting ServiceSaccrExportApplication using Java 15.0.1 on WCZFK250014-ZU2 with PID 13224 (C:\Users\fk250014\SpringWorkspace\ServiceSaccrExport\target\classes started by fk250014 in C:\Users\fk250014\SpringWorkspace\ServiceSaccrExport)
07:46:33.830 [main] INFO  f.s.s.e.ServiceSaccrExportApplication - The following profiles are active: dev
07:46:35.011 [main] INFO  o.s.b.w.e.tomcat.TomcatWebServer - Tomcat initialized with port(s): 8082 (http)
07:46:35.024 [main] INFO  o.a.coyote.http11.Http11NioProtocol - Initializing ProtocolHandler ["http-nio-8082"]
07:46:35.024 [main] INFO  o.a.catalina.core.StandardService - Starting service [Tomcat]
07:46:35.024 [main] INFO  o.a.catalina.core.StandardEngine - Starting Servlet engine: [Apache Tomcat/9.0.44]
07:46:35.119 [main] INFO  o.a.c.c.C.[Tomcat].[localhost].[/] - Initializing Spring embedded WebApplicationContext
07:46:35.119 [main] INFO  o.s.b.w.s.c.ServletWebServerApplicationContext - Root WebApplicationContext: initialization completed in 1233 ms
07:46:35.448 [main] INFO  o.s.s.c.ThreadPoolTaskExecutor - Initializing ExecutorService 'applicationTaskExecutor'
07:46:35.651 [main] INFO  o.a.coyote.http11.Http11NioProtocol - Starting ProtocolHandler ["http-nio-8082"]
07:46:35.680 [main] INFO  o.s.b.w.e.tomcat.TomcatWebServer - Tomcat started on port(s): 8082 (http) with context path ''
07:46:35.688 [main] INFO  f.s.s.e.ServiceSaccrExportApplication - Started ServiceSaccrExportApplication in 2.298 seconds (JVM running for 4.188)
08:02:11.705 [main] INFO  o.s.b.t.c.SpringBootTestContextBootstrapper - Neither @ContextConfiguration nor @ContextHierarchy found for test class [fr.service.saccr.export.ServiceSaccrExportApplicationTests], using SpringBootContextLoader
08:02:11.713 [main] INFO  o.s.t.c.s.AbstractContextLoader - Could not detect default resource locations for test class [fr.service.saccr.export.ServiceSaccrExportApplicationTests]: no resource found for suffixes {-context.xml, Context.groovy}.
08:02:11.714 [main] INFO  o.s.t.c.s.AnnotationConfigContextLoaderUtils - Could not detect default configuration classes for test class [fr.service.saccr.export.ServiceSaccrExportApplicationTests]: ServiceSaccrExportApplicationTests does not declare any static, non-private, non-final, nested classes annotated with @Configuration.
08:02:11.858 [main] INFO  o.s.b.t.c.SpringBootTestContextBootstrapper - Found @SpringBootConfiguration fr.service.saccr.export.ServiceSaccrExportApplication for test class fr.service.saccr.export.ServiceSaccrExportApplicationTests
08:02:11.981 [main] INFO  o.s.b.t.c.SpringBootTestContextBootstrapper - Loaded default TestExecutionListener class names from location [META-INF/spring.factories]: [org.springframework.boot.test.mock.mockito.MockitoTestExecutionListener, org.springframework.boot.test.mock.mockito.ResetMocksTestExecutionListener, org.springframework.boot.test.autoconfigure.restdocs.RestDocsTestExecutionListener, org.springframework.boot.test.autoconfigure.web.client.MockRestServiceServerResetTestExecutionListener, org.springframework.boot.test.autoconfigure.web.servlet.MockMvcPrintOnlyOnFailureTestExecutionListener, org.springframework.boot.test.autoconfigure.web.servlet.WebDriverTestExecutionListener, org.springframework.boot.test.autoconfigure.webservices.client.MockWebServiceServerTestExecutionListener, org.springframework.test.context.web.ServletTestExecutionListener, org.springframework.test.context.support.DirtiesContextBeforeModesTestExecutionListener, org.springframework.test.context.event.ApplicationEventsTestExecutionListener, org.springframework.test.context.support.DependencyInjectionTestExecutionListener, org.springframework.test.context.support.DirtiesContextTestExecutionListener, org.springframework.test.context.transaction.TransactionalTestExecutionListener, org.springframework.test.context.jdbc.SqlScriptsTestExecutionListener, org.springframework.test.context.event.EventPublishingTestExecutionListener]
08:02:12.009 [main] INFO  o.s.b.t.c.SpringBootTestContextBootstrapper - Using TestExecutionListeners: [org.springframework.test.context.web.ServletTestExecutionListener@4c168660, org.springframework.test.context.support.DirtiesContextBeforeModesTestExecutionListener@52b56a3e, org.springframework.test.context.event.ApplicationEventsTestExecutionListener@fd0e5b6, org.springframework.boot.test.mock.mockito.MockitoTestExecutionListener@4eed46ee, org.springframework.boot.test.autoconfigure.SpringBootDependencyInjectionTestExecutionListener@36b0fcd5, org.springframework.test.context.support.DirtiesContextTestExecutionListener@4fad94a7, org.springframework.test.context.transaction.TransactionalTestExecutionListener@475835b1, org.springframework.test.context.jdbc.SqlScriptsTestExecutionListener@6326d182, org.springframework.test.context.event.EventPublishingTestExecutionListener@5241cf67, org.springframework.boot.test.mock.mockito.ResetMocksTestExecutionListener@716a7124, org.springframework.boot.test.autoconfigure.restdocs.RestDocsTestExecutionListener@77192705, org.springframework.boot.test.autoconfigure.web.client.MockRestServiceServerResetTestExecutionListener@226642a5, org.springframework.boot.test.autoconfigure.web.servlet.MockMvcPrintOnlyOnFailureTestExecutionListener@7e809b79, org.springframework.boot.test.autoconfigure.web.servlet.WebDriverTestExecutionListener@5cc126dc, org.springframework.boot.test.autoconfigure.webservices.client.MockWebServiceServerTestExecutionListener@625e134e]
08:02:12.436 [main] INFO  f.s.s.e.ServiceSaccrExportApplicationTests - Starting ServiceSaccrExportApplicationTests using Java 11.0.10 on WCZFK250014-ZU2 with PID 19668 (started by fk250014 in C:\Users\fk250014\SpringWorkspace\ServiceSaccrExport)
08:02:12.437 [main] INFO  f.s.s.e.ServiceSaccrExportApplicationTests - The following profiles are active: dev
08:02:12.447 [background-preinit] INFO  o.h.validator.internal.util.Version - HV000001: Hibernate Validator 6.1.7.Final
08:02:14.150 [main] INFO  o.s.s.c.ThreadPoolTaskExecutor - Initializing ExecutorService 'applicationTaskExecutor'
08:02:14.564 [main] INFO  f.s.s.e.ServiceSaccrExportApplicationTests - Started ServiceSaccrExportApplicationTests in 2.481 seconds (JVM running for 3.854)
08:02:15.182 [SpringContextShutdownHook] INFO  o.s.s.c.ThreadPoolTaskExecutor - Shutting down ExecutorService 'applicationTaskExecutor'
08:04:26.985 [RMI TCP Connection(21)-127.0.0.1] INFO  o.s.b.a.SpringApplicationAdminMXBeanRegistrar$SpringApplicationAdmin - Application shutdown requested.
08:04:27.020 [RMI TCP Connection(21)-127.0.0.1] INFO  o.s.s.c.ThreadPoolTaskExecutor - Shutting down ExecutorService 'applicationTaskExecutor'
08:04:35.026 [background-preinit] INFO  o.h.validator.internal.util.Version - HV000001: Hibernate Validator 6.1.7.Final
08:04:35.034 [main] INFO  f.s.s.e.ServiceSaccrExportApplication - Starting ServiceSaccrExportApplication using Java 15.0.1 on WCZFK250014-ZU2 with PID 18260 (C:\Users\fk250014\SpringWorkspace\ServiceSaccrExport\target\classes started by fk250014 in C:\Users\fk250014\SpringWorkspace\ServiceSaccrExport)
08:04:35.035 [main] INFO  f.s.s.e.ServiceSaccrExportApplication - The following profiles are active: dev
08:04:35.898 [main] INFO  o.s.b.w.e.tomcat.TomcatWebServer - Tomcat initialized with port(s): 8082 (http)
08:04:35.908 [main] INFO  o.a.coyote.http11.Http11NioProtocol - Initializing ProtocolHandler ["http-nio-8082"]
08:04:35.908 [main] INFO  o.a.catalina.core.StandardService - Starting service [Tomcat]
08:04:35.909 [main] INFO  o.a.catalina.core.StandardEngine - Starting Servlet engine: [Apache Tomcat/9.0.44]
08:04:35.983 [main] INFO  o.a.c.c.C.[Tomcat].[localhost].[/] - Initializing Spring embedded WebApplicationContext
08:04:35.983 [main] INFO  o.s.b.w.s.c.ServletWebServerApplicationContext - Root WebApplicationContext: initialization completed in 912 ms
08:04:36.272 [main] INFO  o.s.s.c.ThreadPoolTaskExecutor - Initializing ExecutorService 'applicationTaskExecutor'
08:04:36.430 [main] INFO  o.a.coyote.http11.Http11NioProtocol - Starting ProtocolHandler ["http-nio-8082"]
08:04:36.456 [main] INFO  o.s.b.w.e.tomcat.TomcatWebServer - Tomcat started on port(s): 8082 (http) with context path ''
08:04:36.464 [main] INFO  f.s.s.e.ServiceSaccrExportApplication - Started ServiceSaccrExportApplication in 1.725 seconds (JVM running for 3.31)
08:04:39.147 [RMI TCP Connection(2)-127.0.0.1] INFO  o.s.b.a.SpringApplicationAdminMXBeanRegistrar$SpringApplicationAdmin - Application shutdown requested.
08:04:39.180 [RMI TCP Connection(2)-127.0.0.1] INFO  o.s.s.c.ThreadPoolTaskExecutor - Shutting down ExecutorService 'applicationTaskExecutor'
08:04:55.554 [main] INFO  o.s.b.t.c.SpringBootTestContextBootstrapper - Neither @ContextConfiguration nor @ContextHierarchy found for test class [fr.service.saccr.export.ServiceSaccrExportApplicationTests], using SpringBootContextLoader
08:04:55.562 [main] INFO  o.s.t.c.s.AbstractContextLoader - Could not detect default resource locations for test class [fr.service.saccr.export.ServiceSaccrExportApplicationTests]: no resource found for suffixes {-context.xml, Context.groovy}.
08:04:55.563 [main] INFO  o.s.t.c.s.AnnotationConfigContextLoaderUtils - Could not detect default configuration classes for test class [fr.service.saccr.export.ServiceSaccrExportApplicationTests]: ServiceSaccrExportApplicationTests does not declare any static, non-private, non-final, nested classes annotated with @Configuration.
08:04:55.724 [main] INFO  o.s.b.t.c.SpringBootTestContextBootstrapper - Found @SpringBootConfiguration fr.service.saccr.export.ServiceSaccrExportApplication for test class fr.service.saccr.export.ServiceSaccrExportApplicationTests
08:04:55.868 [main] INFO  o.s.b.t.c.SpringBootTestContextBootstrapper - Loaded default TestExecutionListener class names from location [META-INF/spring.factories]: [org.springframework.boot.test.mock.mockito.MockitoTestExecutionListener, org.springframework.boot.test.mock.mockito.ResetMocksTestExecutionListener, org.springframework.boot.test.autoconfigure.restdocs.RestDocsTestExecutionListener, org.springframework.boot.test.autoconfigure.web.client.MockRestServiceServerResetTestExecutionListener, org.springframework.boot.test.autoconfigure.web.servlet.MockMvcPrintOnlyOnFailureTestExecutionListener, org.springframework.boot.test.autoconfigure.web.servlet.WebDriverTestExecutionListener, org.springframework.boot.test.autoconfigure.webservices.client.MockWebServiceServerTestExecutionListener, org.springframework.test.context.web.ServletTestExecutionListener, org.springframework.test.context.support.DirtiesContextBeforeModesTestExecutionListener, org.springframework.test.context.event.ApplicationEventsTestExecutionListener, org.springframework.test.context.support.DependencyInjectionTestExecutionListener, org.springframework.test.context.support.DirtiesContextTestExecutionListener, org.springframework.test.context.transaction.TransactionalTestExecutionListener, org.springframework.test.context.jdbc.SqlScriptsTestExecutionListener, org.springframework.test.context.event.EventPublishingTestExecutionListener]
08:04:55.893 [main] INFO  o.s.b.t.c.SpringBootTestContextBootstrapper - Using TestExecutionListeners: [org.springframework.test.context.web.ServletTestExecutionListener@fd0e5b6, org.springframework.test.context.support.DirtiesContextBeforeModesTestExecutionListener@4eed46ee, org.springframework.test.context.event.ApplicationEventsTestExecutionListener@36b0fcd5, org.springframework.boot.test.mock.mockito.MockitoTestExecutionListener@4fad94a7, org.springframework.boot.test.autoconfigure.SpringBootDependencyInjectionTestExecutionListener@475835b1, org.springframework.test.context.support.DirtiesContextTestExecutionListener@6326d182, org.springframework.test.context.transaction.TransactionalTestExecutionListener@5241cf67, org.springframework.test.context.jdbc.SqlScriptsTestExecutionListener@716a7124, org.springframework.test.context.event.EventPublishingTestExecutionListener@77192705, org.springframework.boot.test.mock.mockito.ResetMocksTestExecutionListener@226642a5, org.springframework.boot.test.autoconfigure.restdocs.RestDocsTestExecutionListener@7e809b79, org.springframework.boot.test.autoconfigure.web.client.MockRestServiceServerResetTestExecutionListener@5cc126dc, org.springframework.boot.test.autoconfigure.web.servlet.MockMvcPrintOnlyOnFailureTestExecutionListener@625e134e, org.springframework.boot.test.autoconfigure.web.servlet.WebDriverTestExecutionListener@72bd06ca, org.springframework.boot.test.autoconfigure.webservices.client.MockWebServiceServerTestExecutionListener@89c10b7]
08:04:56.300 [main] INFO  f.s.s.e.ServiceSaccrExportApplicationTests - Starting ServiceSaccrExportApplicationTests using Java 11.0.10 on WCZFK250014-ZU2 with PID 23156 (started by fk250014 in C:\Users\fk250014\SpringWorkspace\ServiceSaccrExport)
08:04:56.301 [main] INFO  f.s.s.e.ServiceSaccrExportApplicationTests - The following profiles are active: dev
08:04:56.319 [background-preinit] INFO  o.h.validator.internal.util.Version - HV000001: Hibernate Validator 6.1.7.Final
08:04:58.057 [main] INFO  o.s.s.c.ThreadPoolTaskExecutor - Initializing ExecutorService 'applicationTaskExecutor'
08:04:58.511 [main] INFO  f.s.s.e.ServiceSaccrExportApplicationTests - Started ServiceSaccrExportApplicationTests in 2.549 seconds (JVM running for 3.944)
08:04:59.065 [SpringContextShutdownHook] INFO  o.s.s.c.ThreadPoolTaskExecutor - Shutting down ExecutorService 'applicationTaskExecutor'
08:06:14.443 [main] INFO  o.s.b.t.c.SpringBootTestContextBootstrapper - Neither @ContextConfiguration nor @ContextHierarchy found for test class [fr.service.saccr.export.ServiceSaccrExportApplicationTests], using SpringBootContextLoader
08:06:14.450 [main] INFO  o.s.t.c.s.AbstractContextLoader - Could not detect default resource locations for test class [fr.service.saccr.export.ServiceSaccrExportApplicationTests]: no resource found for suffixes {-context.xml, Context.groovy}.
08:06:14.451 [main] INFO  o.s.t.c.s.AnnotationConfigContextLoaderUtils - Could not detect default configuration classes for test class [fr.service.saccr.export.ServiceSaccrExportApplicationTests]: ServiceSaccrExportApplicationTests does not declare any static, non-private, non-final, nested classes annotated with @Configuration.
08:06:14.591 [main] INFO  o.s.b.t.c.SpringBootTestContextBootstrapper - Found @SpringBootConfiguration fr.service.saccr.export.ServiceSaccrExportApplication for test class fr.service.saccr.export.ServiceSaccrExportApplicationTests
08:06:14.723 [main] INFO  o.s.b.t.c.SpringBootTestContextBootstrapper - Loaded default TestExecutionListener class names from location [META-INF/spring.factories]: [org.springframework.boot.test.mock.mockito.MockitoTestExecutionListener, org.springframework.boot.test.mock.mockito.ResetMocksTestExecutionListener, org.springframework.boot.test.autoconfigure.restdocs.RestDocsTestExecutionListener, org.springframework.boot.test.autoconfigure.web.client.MockRestServiceServerResetTestExecutionListener, org.springframework.boot.test.autoconfigure.web.servlet.MockMvcPrintOnlyOnFailureTestExecutionListener, org.springframework.boot.test.autoconfigure.web.servlet.WebDriverTestExecutionListener, org.springframework.boot.test.autoconfigure.webservices.client.MockWebServiceServerTestExecutionListener, org.springframework.test.context.web.ServletTestExecutionListener, org.springframework.test.context.support.DirtiesContextBeforeModesTestExecutionListener, org.springframework.test.context.event.ApplicationEventsTestExecutionListener, org.springframework.test.context.support.DependencyInjectionTestExecutionListener, org.springframework.test.context.support.DirtiesContextTestExecutionListener, org.springframework.test.context.transaction.TransactionalTestExecutionListener, org.springframework.test.context.jdbc.SqlScriptsTestExecutionListener, org.springframework.test.context.event.EventPublishingTestExecutionListener]
08:06:14.746 [main] INFO  o.s.b.t.c.SpringBootTestContextBootstrapper - Using TestExecutionListeners: [org.springframework.test.context.web.ServletTestExecutionListener@fd0e5b6, org.springframework.test.context.support.DirtiesContextBeforeModesTestExecutionListener@4eed46ee, org.springframework.test.context.event.ApplicationEventsTestExecutionListener@36b0fcd5, org.springframework.boot.test.mock.mockito.MockitoTestExecutionListener@4fad94a7, org.springframework.boot.test.autoconfigure.SpringBootDependencyInjectionTestExecutionListener@475835b1, org.springframework.test.context.support.DirtiesContextTestExecutionListener@6326d182, org.springframework.test.context.transaction.TransactionalTestExecutionListener@5241cf67, org.springframework.test.context.jdbc.SqlScriptsTestExecutionListener@716a7124, org.springframework.test.context.event.EventPublishingTestExecutionListener@77192705, org.springframework.boot.test.mock.mockito.ResetMocksTestExecutionListener@226642a5, org.springframework.boot.test.autoconfigure.restdocs.RestDocsTestExecutionListener@7e809b79, org.springframework.boot.test.autoconfigure.web.client.MockRestServiceServerResetTestExecutionListener@5cc126dc, org.springframework.boot.test.autoconfigure.web.servlet.MockMvcPrintOnlyOnFailureTestExecutionListener@625e134e, org.springframework.boot.test.autoconfigure.web.servlet.WebDriverTestExecutionListener@72bd06ca, org.springframework.boot.test.autoconfigure.webservices.client.MockWebServiceServerTestExecutionListener@89c10b7]
08:06:15.130 [main] INFO  f.s.s.e.ServiceSaccrExportApplicationTests - Starting ServiceSaccrExportApplicationTests using Java 11.0.10 on WCZFK250014-ZU2 with PID 17484 (started by fk250014 in C:\Users\fk250014\SpringWorkspace\ServiceSaccrExport)
08:06:15.130 [main] INFO  f.s.s.e.ServiceSaccrExportApplicationTests - The following profiles are active: dev
08:06:15.141 [background-preinit] INFO  o.h.validator.internal.util.Version - HV000001: Hibernate Validator 6.1.7.Final
08:06:16.854 [main] INFO  o.s.s.c.ThreadPoolTaskExecutor - Initializing ExecutorService 'applicationTaskExecutor'
08:06:17.313 [main] INFO  f.s.s.e.ServiceSaccrExportApplicationTests - Started ServiceSaccrExportApplicationTests in 2.502 seconds (JVM running for 3.745)
08:06:17.790 [SpringContextShutdownHook] INFO  o.s.s.c.ThreadPoolTaskExecutor - Shutting down ExecutorService 'applicationTaskExecutor'
